<?xml version="1.0" encoding="UTF-8"?>
<!-- Generated by org.testng.reporters.JUnitReportReporter -->
<testsuite hostname="LAPTOP-7QF7JTFA" failures="0" tests="1" name="Chaitrali.imdbflowTests.ImdbFullFlowCode" time="57.863" errors="0" timestamp="2024-03-22T16:57:55 IST" skipped="0">
  <testcase classname="Chaitrali.imdbflowTests.ImdbFullFlowCode" name="ImdbFullFlow" time="57.863"/>
  <system-out/>
</testsuite> <!-- Chaitrali.imdbflowTests.ImdbFullFlowCode -->
