<?xml version="1.0" encoding="UTF-8"?>
<!-- Generated by org.testng.reporters.JUnitReportReporter -->
<testsuite hostname="LAPTOP-7QF7JTFA" failures="0" tests="1" name="Chaitrali.imdbflowTests.ErrorValidations" time="37.644" errors="0" timestamp="2024-03-13T10:32:17 IST" skipped="0">
  <testcase classname="Chaitrali.imdbflowTests.ErrorValidations" name="ImdbFullFlows" time="37.644"/>
  <system-out/>
</testsuite> <!-- Chaitrali.imdbflowTests.ErrorValidations -->
