<?xml version="1.0" encoding="UTF-8"?>
<!-- Generated by org.testng.reporters.JUnitReportReporter -->
<testsuite hostname="LAPTOP-7QF7JTFA" failures="0" tests="3" name="Chaitrali.imdbflowTests.ErrorValidationsTest" time="114.489" errors="0" timestamp="2024-03-21T11:22:40 IST" skipped="0">
  <testcase classname="Chaitrali.imdbflowTests.ErrorValidationsTest" name="SigninErrorValidation" time="38.974"/>
  <testcase classname="Chaitrali.imdbflowTests.ErrorValidationsTest" name="ImdbFullFlowErrorValidation" time="57.965"/>
  <testcase classname="Chaitrali.imdbflowTests.ErrorValidationsTest" name="dependencyCheck" time="17.550"/>
</testsuite> <!-- Chaitrali.imdbflowTests.ErrorValidationsTest -->
